C:\Workspace\Git_Repos\Activation-Steering-et-Ablation\mlp-exp>workflow.bat
[1/8] Activating Environment...
[2/8] Generating Dataset...
Generating 8000 balanced samples (2000 per concept group)...
 Progress: {'pos_odd': 1270, 'pos_even': 974, 'neg_odd': 1271, 'neg_even': 1000}
 Progress: {'pos_odd': 2000, 'pos_even': 1957, 'neg_odd': 2000, 'neg_even': 2000}
Successfully saved mlp_train.xlsx
Generating 1000 balanced samples (250 per concept group)...
Successfully saved mlp_val.xlsx
Generating 1000 balanced samples (250 per concept group)...
Successfully saved mlp_test.xlsx
Generating 1000 balanced samples (250 per concept group)...
Successfully saved OOD test set: interp_test.xlsx (Range: 0-4)
Generating 1000 balanced samples (250 per concept group)...
Successfully saved OOD test set: extrap_test.xlsx (Range: 10-19)
Generating 1000 balanced samples (250 per concept group)...
Successfully saved OOD test set: scaling_test.xlsx (Range: 100-109)
Generating 1000 balanced samples (250 per concept group)...
Successfully saved OOD test set: precision_test.xlsx (Range: 0.0-9.0)
[3/8] Training MLP...
Starting training on cuda...
Epoch 50 | Val MSE: 0.461657
Epoch 100 | Val MSE: 0.326637
Epoch 150 | Val MSE: 0.208695
Epoch 200 | Val MSE: 0.081365
Epoch 250 | Val MSE: 0.077925
Epoch 300 | Val MSE: 0.045186
Epoch 350 | Val MSE: 0.029936
Epoch 400 | Val MSE: 0.046919
Epoch 450 | Val MSE: 0.033879
Epoch 500 | Val MSE: 0.039099

--- Final Performance Analysis ---
Concept: pos_odd    | MSE: 0.031958 | Count: 250
Concept: pos_even   | MSE: 0.039770 | Count: 250
Concept: neg_odd    | MSE: 0.039516 | Count: 250
Concept: neg_even   | MSE: 0.048872 | Count: 250
Total Test MSE: 0.040029
[4/8] Harvesting Activations...
Harvesting activations on cuda...
Success! Saved 8000 activations with metadata.
[5/8] Training Sparse Autoencoder (SAE)...
SAE Epoch [10/100] | MSE: 0.003672
SAE Epoch [20/100] | MSE: 0.001745
SAE Epoch [30/100] | MSE: 0.000863
SAE Epoch [40/100] | MSE: 0.000439
SAE Epoch [50/100] | MSE: 0.000222
SAE Epoch [60/100] | MSE: 0.000137
SAE Epoch [70/100] | MSE: 0.000103
SAE Epoch [80/100] | MSE: 0.000084
SAE Epoch [90/100] | MSE: 0.000073
SAE Epoch [100/100] | MSE: 0.000065
[6/8] Running Feature Probe...
Sign-Parity Cosine Similarity: -0.2175
Interpretation: Near 0.0 means the concepts are perfectly disentangled.
Analyzing feature activations across groups...

--- Top-50 Features per Group ---
pos_even: [1197, 1047, 667, 1930, 1522, 920, 1024, 1093, 1783, 2008, 1901, 568, 882, 127, 1139, 1536, 845, 1950, 78, 1588, 1905, 159, 2026, 1632, 644, 1743, 1195, 205, 1675, 793, 342, 519, 514, 1180, 1475, 930, 276, 901, 1414, 553, 714, 1377, 1633, 1738, 516, 969, 1204, 1014, 1393, 1805]
pos_odd: [1197, 1047, 667, 1930, 1783, 1024, 1093, 1522, 2008, 920, 845, 568, 1901, 1139, 1950, 882, 78, 127, 644, 1905, 159, 1675, 342, 1180, 1536, 1195, 205, 1588, 2026, 1632, 1414, 1743, 519, 901, 679, 793, 1393, 1475, 553, 514, 1633, 276, 969, 714, 1738, 1605, 1204, 1377, 1573, 930]
neg_odd: [1024, 1930, 1783, 1522, 920, 1047, 1093, 882, 1901, 1197, 1475, 1139, 667, 1675, 78, 1905, 2008, 1377, 1195, 1536, 1950, 845, 1582, 1393, 930, 644, 1632, 568, 1180, 1633, 342, 1743, 1588, 913, 793, 714, 901, 381, 276, 553, 898, 1120, 679, 1213, 1438, 1204, 205, 1790, 1738, 1414]
neg_even: [1024, 1783, 1930, 1522, 1093, 920, 882, 1901, 1047, 1197, 667, 1139, 1475, 1675, 2008, 568, 78, 1582, 1905, 1950, 845, 1377, 644, 1393, 342, 1195, 930, 1588, 1180, 1536, 913, 1743, 205, 1632, 1120, 901, 1633, 793, 679, 1414, 276, 898, 1790, 519, 714, 1032, 381, 1213, 1664, 916]
Universal Common Features: [78, 205, 276, 342, 568, 644, 667, 714, 793, 845, 882, 901, 920, 930, 1024, 1047, 1093, 1139, 1180, 1195, 1197, 1377, 1393, 1414, 1475, 1522, 1536, 1588, 1632, 1633, 1675, 1743, 1783, 1901, 1905, 1930, 1950, 2008]

--- Identified Subsets (Intersections) ---
Universal Positive Sign Features: [78, 127, 159, 205, 276, 342, 514, 519, 553, 568, 644, 667, 714, 793, 845, 882, 901, 920, 930, 969, 1024, 1047, 1093, 1139, 1180, 1195, 1197, 1204, 1377, 1393, 1414, 1475, 1522, 1536, 1588, 1632, 1633, 1675, 1738, 1743, 1783, 1901, 1905, 1930, 1950, 2008, 2026]
Universal Odd Parity Features:    [78, 205, 276, 342, 553, 568, 644, 667, 679, 714, 793, 845, 882, 901, 920, 930, 1024, 1047, 1093, 1139, 1180, 1195, 1197, 1204, 1377, 1393, 1414, 1475, 1522, 1536, 1588, 1632, 1633, 1675, 1738, 1743, 1783, 1901, 1905, 1930, 1950, 2008]
Universal Negative Sign Features: [78, 205, 276, 342, 381, 568, 644, 667, 679, 714, 793, 845, 882, 898, 901, 913, 920, 930, 1024, 1047, 1093, 1120, 1139, 1180, 1195, 1197, 1213, 1377, 1393, 1414, 1475, 1522, 1536, 1582, 1588, 1632, 1633, 1675, 1743, 1783, 1790, 1901, 1905, 1930, 1950, 2008]
Universal Even Parity Features:   [78, 205, 276, 342, 519, 568, 644, 667, 714, 793, 845, 882, 901, 920, 930, 1024, 1047, 1093, 1139, 1180, 1195, 1197, 1377, 1393, 1414, 1475, 1522, 1536, 1588, 1632, 1633, 1675, 1743, 1783, 1901, 1905, 1930, 1950, 2008]
  Distinct Even Parity Features: [519]
  Distinct Positive Sign Features: [127, 159, 514, 519, 553, 969, 1204, 1738, 2026]
  Distinct Odd Parity Features: [553, 679, 1204, 1738]
  Distinct Negative Sign Features: [381, 679, 898, 913, 1120, 1213, 1582, 1790]

--- Ablation Test: Killing Negative Sign ---
Original Output: -3.0149
Ablated Output:  2.4457
Causal Shift:    5.4605

--- Ablation Test: Killing Odd Parity ---
Original Output: -3.0149
Ablated Output:  -3.2805
Causal Shift:    -0.2656

--- Ablation Test: Killing Negative Sign ---
Original Output: -1.9646
Ablated Output:  -1.7933
Causal Shift:    0.1714

--- Ablation Test: Killing Even Parity ---
Original Output: -1.9646
Ablated Output:  -2.0592
Causal Shift:    -0.0946

--- Ablation Test: Killing Negative Sign ---
Original Output: -0.9392
Ablated Output:  1.4269
Causal Shift:    2.3661

--- Ablation Test: Killing Odd Parity ---
Original Output: -0.9392
Ablated Output:  -0.8844
Causal Shift:    0.0547

--- Ablation Test: Killing Positive Sign ---
Original Output: 0.9836
Ablated Output:  -0.7901
Causal Shift:    -1.7738

--- Ablation Test: Killing Odd Parity ---
Original Output: 0.9836
Ablated Output:  0.6826
Causal Shift:    -0.3010

--- Ablation Test: Killing Positive Sign ---
Original Output: 1.9183
Ablated Output:  2.7520
Causal Shift:    0.8337

--- Ablation Test: Killing Even Parity ---
Original Output: 1.9183
Ablated Output:  1.9700
Causal Shift:    0.0516

--- Ablation Test: Killing Positive Sign ---
Original Output: 2.8707
Ablated Output:  0.4170
Causal Shift:    -2.4538

--- Ablation Test: Killing Odd Parity ---
Original Output: 2.8707
Ablated Output:  3.0540
Causal Shift:    0.1832
[7/8] Running Activation Steering...
Actual Input: [6, 3, 0, 6, 2, 2, 8, 5, 3, 3], Expected Output: -3
(Negative, Odd)
Predicted Output: -3.2805263996124268
    Steer to Positive: 0.8868194222450256
    Steer to Negative: -8.21138858795166
    Steer to Odd: -3.2504754066467285
    Steer to Even: -3.310577630996704
        Steer to Positive-Odd: 1.0291178226470947
        Steer to Positive-Even: 0.7445204854011536
        Steer to Negative-Odd: -8.1813383102417
        Steer to Negative-Even: -8.241439819335938
--------------------------------------------------
Actual Input: [6, 3, 2, 7, 1, 7, 5, 7, 9, 1], Expected Output: -2
(Negative, Even)
Predicted Output: -2.059208869934082
    Steer to Positive: 5.740839958190918
    Steer to Negative: -6.6405134201049805
    Steer to Odd: -1.876720666885376
    Steer to Even: -2.241697072982788
        Steer to Positive-Odd: 5.781900405883789
        Steer to Positive-Even: 5.699779987335205
        Steer to Negative-Odd: -6.308237552642822
        Steer to Negative-Even: -6.972787857055664
--------------------------------------------------
Actual Input: [0, 8, 4, 6, 2, 5, 3, 8, 4, 0], Expected Output: -1
(Negative, Odd)
Predicted Output: -0.8844332098960876
    Steer to Positive: 5.094673156738281
    Steer to Negative: -5.00888729095459
    Steer to Odd: -1.1707909107208252
    Steer to Even: -0.598077118396759
        Steer to Positive-Odd: 4.667377948760986
        Steer to Positive-Even: 5.521969318389893
        Steer to Negative-Odd: -4.989156246185303
        Steer to Negative-Even: -5.028618812561035
--------------------------------------------------
Actual Input: [8, 3, 9, 0, 0, 7, 2, 2, 7, 0], Expected Output: 1
(Positive, Odd)
Predicted Output: 0.6826239228248596
    Steer to Positive: 4.977141380310059
    Steer to Negative: -2.76328444480896
    Steer to Odd: 0.6874287724494934
    Steer to Even: 0.6569023728370667
        Steer to Positive-Odd: 4.60661506652832
        Steer to Positive-Even: 5.347665786743164
        Steer to Negative-Odd: -2.9185900688171387
        Steer to Negative-Even: -2.607978105545044
--------------------------------------------------
Actual Input: [1, 3, 4, 6, 3, 4, 9, 0, 6, 0], Expected Output: 2
(Positive, Even)
Predicted Output: 1.969956636428833
    Steer to Positive: 6.400346755981445
    Steer to Negative: -2.4216361045837402
    Steer to Odd: 1.3613901138305664
    Steer to Even: 2.5785231590270996
        Steer to Positive-Odd: 5.8829851150512695
        Steer to Positive-Even: 6.917707443237305
        Steer to Negative-Odd: -2.724114418029785
        Steer to Negative-Even: -2.119157075881958
--------------------------------------------------
Actual Input: [6, 5, 2, 2, 1, 7, 2, 5, 4, 1], Expected Output: 3
(Positive, Odd)
Predicted Output: 2.888188600540161
    Steer to Positive: 9.989690780639648
    Steer to Negative: -3.153655767440796
    Steer to Odd: 3.050703287124634
    Steer to Even: 2.7256734371185303
        Steer to Positive-Odd: 9.88562297821045
        Steer to Positive-Even: 10.093757629394531
        Steer to Negative-Odd: -3.04420804977417
        Steer to Negative-Even: -3.2631046772003174
--------------------------------------------------
[8/8] Running Consistency of Compliance Checks...
Validating 1000 samples from dataset/interp_test.xlsx...

--- Steering Success Rates ---
Sign Flip Success:   95.10%
Parity Flip Success: 18.60%
Full Quadrant Flip:  45.70%
-------------------------------

Validating 1000 samples from dataset/extrap_test.xlsx...

--- Steering Success Rates ---
Sign Flip Success:   52.20%
Parity Flip Success: 48.50%
Full Quadrant Flip:  27.00%
-------------------------------

Validating 1000 samples from dataset/scaling_test.xlsx...

--- Steering Success Rates ---
Sign Flip Success:   41.80%
Parity Flip Success: 48.80%
Full Quadrant Flip:  19.40%
-------------------------------

Validating 1000 samples from dataset/precision_test.xlsx...

--- Steering Success Rates ---
Sign Flip Success:   77.50%
Parity Flip Success: 28.30%
Full Quadrant Flip:  39.30%
-------------------------------

Testing Alpha: 0.0...
Testing Alpha: 0.5...
Testing Alpha: 1.0...
Testing Alpha: 2.0...
Testing Alpha: 4.0...
Testing Alpha: 8.0...
Testing Alpha: 16.0...
sign_acc
| dataset       |   0.0 |   0.5 |   1.0 |   2.0 |   4.0 |   8.0 |   16.0 |
|:--------------|------:|------:|------:|------:|------:|------:|-------:|
| Interpolation |   0.1 |  27   |  66.8 |  95.1 | 100   | 100   |  100   |
| Extrapolation |  41.7 |  44.5 |  47   |  52.2 |  62.2 |  77.4 |   94.9 |
| Scaling       |  40.4 |  40.7 |  41.2 |  41.8 |  42.7 |  44.1 |   51.5 |
| Precision     |   1.6 |  24.8 |  47.3 |  77.5 |  99.8 | 100   |  100   |
parity_acc
| dataset       |   0.0 |   0.5 |   1.0 |   2.0 |   4.0 |   8.0 |   16.0 |
|:--------------|------:|------:|------:|------:|------:|------:|-------:|
| Interpolation |   8   |   9.9 |  11.2 |  18.6 |  35.6 |  52.1 |   47.5 |
| Extrapolation |  48   |  47.2 |  47.1 |  48.5 |  48   |  49.9 |   51.4 |
| Scaling       |  49.2 |  49.1 |  48.2 |  48.8 |  46.9 |  48.7 |   50.6 |
| Precision     |  23.8 |  23.9 |  24   |  28.3 |  38.1 |  48.9 |   51.7 |
total_acc
| dataset       |   0.0 |   0.5 |   1.0 |   2.0 |   4.0 |   8.0 |   16.0 |
|:--------------|------:|------:|------:|------:|------:|------:|-------:|
| Interpolation |   0.1 |  17.8 |  31.8 |  45.7 |  47.1 |  52.6 |   49.4 |
| Extrapolation |  18.9 |  21.5 |  25.1 |  27   |  32.8 |  37.4 |   45.2 |
| Scaling       |  20.3 |  18.7 |  20.9 |  19.4 |  21.2 |  21   |   27.3 |
| Precision     |   0.1 |  17.6 |  24.1 |  39.3 |  49.5 |  49.8 |   50.1 |
Heatmap report generated: alpha_sweep_results.xlsx

======================================================
Pipeline Complete: Activation Steering in Latent Space Completed.
======================================================

------------------------------------------------------
Execution Summary:
Started:  11:05:02
Finished: 11:19:03
Duration: 14 m 0 s
------------------------------------------------------
Press any key to continue . . .
