C:\Workspace\Git_Repos\Activation-Steering-et-Ablation>workflow.bat

============================================================================
     ACTIVATION STEERING AND ABLATION - PIPELINE EXECUTION
============================================================================

[1/8] > Activating Environment...
[OK] Environment activated successfully

[2/8] > Generating Dataset...
Generating 8000 balanced rows for mlp_train.xlsx...
Successfully saved mlp_train.xlsx
Generating 1000 balanced rows for mlp_val.xlsx...
Successfully saved mlp_val.xlsx
Generating 1000 balanced rows for mlp_test.xlsx...
Successfully saved mlp_test.xlsx
Generating 1000 balanced rows for interp_test.xlsx...
Successfully saved interp_test.xlsx
Generating 1000 balanced rows for extrap_test.xlsx...
Successfully saved extrap_test.xlsx
Generating 1000 balanced rows for scaling_test.xlsx...
Successfully saved scaling_test.xlsx
Generating 1000 balanced rows for precision_test.xlsx...
Successfully saved precision_test.xlsx
[OK] All datasets generated

[3/8] > Training MLP...

================================================================================
  PHASE I: TRAINING MLP TO INTERPRETABLE PERFECTION
================================================================================
  Device: cuda
  Total Epochs: 500
  Batch Size: 256
================================================================================

  [███░░░░░░░░░░░░░░░░░░░░░░░░░░░] Epoch  50/500 | Val MSE: 0.371240 |  10.0%
  [██████░░░░░░░░░░░░░░░░░░░░░░░░] Epoch 100/500 | Val MSE: 0.415912 |  20.0%
  [█████████░░░░░░░░░░░░░░░░░░░░░] Epoch 150/500 | Val MSE: 0.174596 |  30.0%
  [████████████░░░░░░░░░░░░░░░░░░] Epoch 200/500 | Val MSE: 0.256067 |  40.0%
  [███████████████░░░░░░░░░░░░░░░] Epoch 250/500 | Val MSE: 0.183718 |  50.0%
  [██████████████████░░░░░░░░░░░░] Epoch 300/500 | Val MSE: 0.141384 |  60.0%
  [█████████████████████░░░░░░░░░] Epoch 350/500 | Val MSE: 0.080716 |  70.0%
  [████████████████████████░░░░░░] Epoch 400/500 | Val MSE: 0.061753 |  80.0%
  [███████████████████████████░░░] Epoch 450/500 | Val MSE: 0.037486 |  90.0%
  [██████████████████████████████] Epoch 500/500 | Val MSE: 0.038002 | 100.0%

================================================================================
  FINAL PERFORMANCE ANALYSIS
================================================================================

  Per-Concept Metrics:
  ------------------------------------------------------------------
  → +00 < Pos <= +05     | MSE: 0.045133 | Samples:  250
  → +05 < Pos <= +10     | MSE: 0.040271 | Samples:  250
  → -05 <= Neg < +00     | MSE: 0.041041 | Samples:  250
  → -10 <= Neg < -05     | MSE: 0.028231 | Samples:  250
  ------------------------------------------------------------------
  ✓ Total Test MSE: 0.038669
================================================================================

[OK] MLP trained to perfection

[4/8] > Harvesting Activations...

================================================================================
  HARVESTING ACTIVATIONS FROM TRAINED MLP
================================================================================
  Device: cuda
  Expected Samples: ~8000
================================================================================

  -> Harvesting activations on cuda...

  [OK] Successfully saved 8000 activations with metadata.
================================================================================

[OK] Activations harvested

[5/8] > Training Sparse Autoencoder (SAE)...

================================================================================
  PHASE II: TRAINING SPARSE AUTOENCODER (SAE)
================================================================================
  Input Dimension: 512
  Dictionary Size: 2048
  Sparsity (k): 128
  Total Epochs: 100
  Batch Size: 128
================================================================================

  [███░░░░░░░░░░░░░░░░░░░░░░░░░░░] Epoch  10/100 | MSE: 0.076078 |  10.0%
  [██████░░░░░░░░░░░░░░░░░░░░░░░░] Epoch  20/100 | MSE: 0.030120 |  20.0%
  [█████████░░░░░░░░░░░░░░░░░░░░░] Epoch  30/100 | MSE: 0.019473 |  30.0%
  [████████████░░░░░░░░░░░░░░░░░░] Epoch  40/100 | MSE: 0.014580 |  40.0%
  [███████████████░░░░░░░░░░░░░░░] Epoch  50/100 | MSE: 0.011845 |  50.0%
  [██████████████████░░░░░░░░░░░░] Epoch  60/100 | MSE: 0.009714 |  60.0%
  [█████████████████████░░░░░░░░░] Epoch  70/100 | MSE: 0.009047 |  70.0%
  [████████████████████████░░░░░░] Epoch  80/100 | MSE: 0.007664 |  80.0%
  [███████████████████████████░░░] Epoch  90/100 | MSE: 0.006732 |  90.0%
  [██████████████████████████████] Epoch 100/100 | MSE: 0.006499 | 100.0%

================================================================================
  [OK] SAE Training Complete!
================================================================================

[OK] SAE trained successfully

[6/8] > Running Feature Probe...

=====================================================================================
  STEERING BASIS VECTORS ANALYSIS
=====================================================================================
  Sign-Parity Cosine Similarity: 0.0115
  Interpretation: Near 0.0 → concepts are perfectly disentangled ✓
=====================================================================================


=====================================================================================
  PCA BASELINE VECTOR EXTRACTION
=====================================================================================
  Extracted 2 PCA directions from SAE latents.

=====================================================================================
  COMPLIANCE EVALUATION: SAE vs PCA Steering
=====================================================================================
[Calibration] Parity steering scaled by 4.410 to match sign effect.

Alpha Sweep Compliance (SAE vs PCA):
  Alpha=  0.5 | SAE Sign: 35/100 (35.0%) | PCA Sign: 20/100 (20.0%) | SAE Subset: 74/100 (74.0%) | PCA Subset: 57/100 (57.0%)
  Alpha=  1.0 | SAE Sign: 42/100 (42.0%) | PCA Sign: 20/100 (20.0%) | SAE Subset: 66/100 (66.0%) | PCA Subset: 57/100 (57.0%)
  Alpha=  2.0 | SAE Sign: 85/100 (85.0%) | PCA Sign: 20/100 (20.0%) | SAE Subset: 85/100 (85.0%) | PCA Subset: 58/100 (58.0%)
  Alpha=  4.0 | SAE Sign: 100/100 (100.0%) | PCA Sign: 20/100 (20.0%) | SAE Subset: 70/100 (70.0%) | PCA Subset: 58/100 (58.0%)
  Alpha=  8.0 | SAE Sign: 100/100 (100.0%) | PCA Sign: 23/100 (23.0%) | SAE Subset: 49/100 (49.0%) | PCA Subset: 58/100 (58.0%)
  Alpha= 16.0 | SAE Sign: 100/100 (100.0%) | PCA Sign: 23/100 (23.0%) | SAE Subset: 44/100 (44.0%) | PCA Subset: 58/100 (58.0%)
  Alpha= 32.0 | SAE Sign: 100/100 (100.0%) | PCA Sign: 28/100 (28.0%) | SAE Subset: 44/100 (44.0%) | PCA Subset: 64/100 (64.0%)
  Alpha= 64.0 | SAE Sign: 100/100 (100.0%) | PCA Sign: 28/100 (28.0%) | SAE Subset: 44/100 (44.0%) | PCA Subset: 60/100 (60.0%)

=====================================================================================
  ANALYZING FEATURE ACTIVATIONS ACROSS GROUPS
=====================================================================================
  -> Processing test samples and extracting SAE features...


=====================================================================================
  TOP-128 FEATURES PER CONCEPT GROUP
=====================================================================================
  -10 <= neg < -05             : [243, 1, 1822, 1354, 2028, 823, 569, 487, 1700, 1238, 1384, 1011, 172, 782, 552, 289, 1910, 1959, 1597, 1551, 1912, 1789, 412, 1896, 1105, 560, 1577, 1530, 890, 471, 786, 1617, 550, 291, 555, 1370, 1655, 1325, 751, 1516, 377, 1679, 2043, 1771, 951, 538, 832, 1047, 223, 95, 1112, 1008, 1509, 1336, 1562, 499, 406, 537, 1663, 1085, 941, 863, 1322, 200, 1948, 335, 82, 409, 1632, 168, 116, 1255, 391, 351, 1292, 821, 750, 148, 1713, 1504, 1208, 1888, 55, 222, 831, 343, 927, 1478, 23, 1643, 1849, 1244, 121, 1921, 1482, 979, 719, 654, 1228, 1045, 281, 623, 1970, 658, 350, 295, 224, 1500, 1708, 1703, 1329, 877, 419, 130, 28, 512, 610, 159, 418, 8, 580, 1066, 1800, 1634, 594, 468, 155, 531]
  +00 < pos <= +05             : [1551, 569, 2028, 823, 1822, 560, 786, 172, 1354, 1105, 487, 1, 1238, 1011, 243, 471, 782, 291, 1384, 1679, 552, 1700, 289, 1530, 1617, 550, 1959, 1912, 1910, 1325, 951, 1597, 1516, 1577, 751, 1047, 1896, 1655, 95, 1789, 832, 377, 555, 1370, 499, 223, 2043, 890, 168, 1336, 538, 1771, 351, 1509, 1663, 335, 1008, 412, 1112, 1562, 200, 863, 391, 941, 409, 1632, 1085, 1322, 979, 821, 1504, 537, 343, 1255, 1948, 1292, 1713, 1888, 1228, 121, 82, 116, 750, 1208, 28, 406, 1708, 222, 1643, 281, 130, 927, 531, 1921, 1482, 1244, 1703, 1800, 584, 148, 1849, 719, 418, 1833, 1500, 610, 55, 580, 224, 1995, 1918, 512, 419, 1478, 1045, 1989, 295, 1970, 2031, 1033, 8, 594, 658, 468, 877, 1349, 454, 1329]
  +05 < pos <= +10             : [1551, 569, 560, 2028, 823, 1105, 786, 1679, 1822, 172, 1011, 550, 1959, 1238, 487, 751, 951, 291, 1617, 1, 243, 1047, 471, 1354, 552, 1530, 1516, 1384, 289, 782, 1325, 1912, 1577, 95, 1896, 1700, 1655, 1789, 1910, 832, 223, 168, 1597, 499, 1370, 335, 377, 890, 1336, 1509, 555, 351, 863, 1663, 200, 538, 1008, 1562, 2043, 821, 1771, 941, 391, 409, 979, 412, 1085, 343, 1112, 537, 1948, 1632, 1228, 1504, 116, 1888, 1322, 1292, 531, 1255, 82, 1713, 28, 1800, 121, 584, 1643, 750, 1208, 1500, 1703, 1482, 1708, 1849, 719, 1989, 1918, 1995, 1033, 1833, 1921, 281, 468, 927, 1244, 222, 580, 419, 130, 1349, 1137, 1893, 224, 8, 658, 418, 774, 1329, 55, 148, 610, 1160, 406, 1045, 1731, 2031, 1821, 771]
  -05 <= neg < +00             : [243, 1822, 823, 569, 1, 1354, 2028, 1551, 172, 487, 1238, 1011, 1700, 782, 289, 1384, 552, 560, 1597, 1105, 1912, 1959, 786, 291, 1910, 471, 1789, 1530, 1577, 550, 1896, 1617, 1655, 1516, 1679, 751, 1325, 951, 555, 412, 1370, 890, 1047, 832, 377, 95, 1771, 2043, 223, 538, 1663, 1509, 1562, 1008, 1336, 1112, 499, 168, 335, 863, 351, 1085, 537, 200, 409, 1322, 82, 941, 1255, 1632, 821, 406, 391, 343, 1948, 979, 1292, 116, 1504, 1888, 750, 148, 121, 927, 1921, 1713, 1208, 222, 1849, 1244, 55, 1643, 1228, 281, 1703, 719, 1482, 1708, 28, 1478, 610, 1045, 224, 130, 295, 584, 831, 1800, 580, 1500, 23, 594, 531, 419, 658, 1329, 1970, 512, 1989, 418, 1918, 1995, 2031, 8, 654, 1833, 468, 877]

  [OK] Universal Common Features: [1, 8, 28, 55, 82, 95, 116, 121, 130, 148, 168, 172, 200, 222, 223, 224, 243, 281, 289, 291, 295, 335, 343, 351, 377, 391, 406, 409, 412, 418, 419, 468, 471, 487, 499, 512, 531, 537, 538, 550, 552, 555, 560, 569, 580, 584, 594, 610, 658, 719, 750, 751, 782, 786, 821, 823, 832, 863, 877, 890, 927, 941, 951, 979, 1008, 1011, 1045, 1047, 1085, 1105, 1112, 1208, 1228, 1238, 1244, 1255, 1292, 1322, 1325, 1329, 1336, 1354, 1370, 1384, 1478, 1482, 1500, 1504, 1509, 1516, 1530, 1551, 1562, 1577, 1597, 1617, 1632, 1643, 1655, 1663, 1679, 1700, 1703, 1708, 1713, 1771, 1789, 1800, 1822, 1833, 1849, 1888, 1896, 1910, 1912, 1918, 1921, 1948, 1959, 1970, 1989, 1995, 2028, 2031, 2043]

=====================================================================================
  IDENTIFIED FEATURE SUBSETS (UNIONS)
=====================================================================================
  Positive Sign Features : [1, 8, 28, 55, 82, 95, 116, 121, 130, 148, 168, 172, 200, 222, 223, 224, 243, 281, 289, 291, 295, 335, 343, 351, 377, 391, 406, 409, 412, 418, 419, 454, 468, 471, 487, 499, 512, 531, 537, 538, 550, 552, 555, 560, 569, 580, 584, 594, 610, 658, 719, 750, 751, 771, 774, 782, 786, 821, 823, 832, 863, 877, 890, 927, 941, 951, 979, 1008, 1011, 1033, 1045, 1047, 1085, 1105, 1112, 1137, 1160, 1208, 1228, 1238, 1244, 1255, 1292, 1322, 1325, 1329, 1336, 1349, 1354, 1370, 1384, 1478, 1482, 1500, 1504, 1509, 1516, 1530, 1551, 1562, 1577, 1597, 1617, 1632, 1643, 1655, 1663, 1679, 1700, 1703, 1708, 1713, 1731, 1771, 1789, 1800, 1821, 1822, 1833, 1849, 1888, 1893, 1896, 1910, 1912, 1918, 1921, 1948, 1959, 1970, 1989, 1995, 2028, 2031, 2043]
  Subset 0-5 Features    : [1, 8, 23, 28, 55, 82, 95, 116, 121, 130, 148, 168, 172, 200, 222, 223, 224, 243, 281, 289, 291, 295, 335, 343, 351, 377, 391, 406, 409, 412, 418, 419, 454, 468, 471, 487, 499, 512, 531, 537, 538, 550, 552, 555, 560, 569, 580, 584, 594, 610, 654, 658, 719, 750, 751, 782, 786, 821, 823, 831, 832, 863, 877, 890, 927, 941, 951, 979, 1008, 1011, 1033, 1045, 1047, 1085, 1105, 1112, 1208, 1228, 1238, 1244, 1255, 1292, 1322, 1325, 1329, 1336, 1349, 1354, 1370, 1384, 1478, 1482, 1500, 1504, 1509, 1516, 1530, 1551, 1562, 1577, 1597, 1617, 1632, 1643, 1655, 1663, 1679, 1700, 1703, 1708, 1713, 1771, 1789, 1800, 1822, 1833, 1849, 1888, 1896, 1910, 1912, 1918, 1921, 1948, 1959, 1970, 1989, 1995, 2028, 2031, 2043]
  Negative Sign Features : [1, 8, 23, 28, 55, 82, 95, 116, 121, 130, 148, 155, 159, 168, 172, 200, 222, 223, 224, 243, 281, 289, 291, 295, 335, 343, 350, 351, 377, 391, 406, 409, 412, 418, 419, 468, 471, 487, 499, 512, 531, 537, 538, 550, 552, 555, 560, 569, 580, 584, 594, 610, 623, 654, 658, 719, 750, 751, 782, 786, 821, 823, 831, 832, 863, 877, 890, 927, 941, 951, 979, 1008, 1011, 1045, 1047, 1066, 1085, 1105, 1112, 1208, 1228, 1238, 1244, 1255, 1292, 1322, 1325, 1329, 1336, 1354, 1370, 1384, 1478, 1482, 1500, 1504, 1509, 1516, 1530, 1551, 1562, 1577, 1597, 1617, 1632, 1634, 1643, 1655, 1663, 1679, 1700, 1703, 1708, 1713, 1771, 1789, 1800, 1822, 1833, 1849, 1888, 1896, 1910, 1912, 1918, 1921, 1948, 1959, 1970, 1989, 1995, 2028, 2031, 2043]
  Subset 5-10 Features   : [1, 8, 23, 28, 55, 82, 95, 116, 121, 130, 148, 155, 159, 168, 172, 200, 222, 223, 224, 243, 281, 289, 291, 295, 335, 343, 350, 351, 377, 391, 406, 409, 412, 418, 419, 468, 471, 487, 499, 512, 531, 537, 538, 550, 552, 555, 560, 569, 580, 584, 594, 610, 623, 654, 658, 719, 750, 751, 771, 774, 782, 786, 821, 823, 831, 832, 863, 877, 890, 927, 941, 951, 979, 1008, 1011, 1033, 1045, 1047, 1066, 1085, 1105, 1112, 1137, 1160, 1208, 1228, 1238, 1244, 1255, 1292, 1322, 1325, 1329, 1336, 1349, 1354, 1370, 1384, 1478, 1482, 1500, 1504, 1509, 1516, 1530, 1551, 1562, 1577, 1597, 1617, 1632, 1634, 1643, 1655, 1663, 1679, 1700, 1703, 1708, 1713, 1731, 1771, 1789, 1800, 1821, 1822, 1833, 1849, 1888, 1893, 1896, 1910, 1912, 1918, 1921, 1948, 1959, 1970, 1989, 1995, 2028, 2031, 2043]

  DISTINCT (Non-Common) Features:
    → Subset 5-10        : [23, 155, 159, 350, 623, 654, 771, 774, 831, 1033, 1066, 1137, 1160, 1349, 1634, 1731, 1821, 1893]
    → Positive Sign      : [454, 771, 774, 1033, 1137, 1160, 1349, 1731, 1821, 1893]
    → Subset 0-5         : [23, 454, 654, 831, 1033, 1349]
    → Negative Sign      : [23, 155, 159, 350, 623, 654, 831, 1066, 1634]

  [OK] Successfully saved 14 feature groups
=====================================================================================

Kill Neg Sign          :  -9.694 (baseline) [          |██>       ]  -9.279 (finalize) (+0.415)
Kill (-10, -5) Subset  :  -9.694 (baseline) [          |██>       ]  -9.240 (finalize) (+0.454)
Kill Pos Sign          :   8.937 (finalize) [     <████|          ]   9.799 (baseline) (-0.861)
Kill (5, 10) Subset    :   9.086 (finalize) [      <███|          ]   9.799 (baseline) (-0.712)
Kill Neg Sign          :  -7.747 (baseline) [          |█>        ]  -7.444 (finalize) (+0.304)
Kill (-10, -5) Subset  :  -7.747 (baseline) [          |██>       ]  -7.154 (finalize) (+0.593)
Kill Neg Sign          :  -6.501 (finalize) [        <█|          ]  -6.298 (baseline) (-0.203)
Kill (-10, -5) Subset  :  -6.492 (finalize) [         <|          ]  -6.298 (baseline) (-0.194)
Kill Neg Sign          :  -3.060 (baseline) [          |>         ]  -3.037 (finalize) (+0.023)
Kill (-5, 0) Subset    :  -3.107 (finalize) [         <|          ]  -3.060 (baseline) (-0.047)
Kill Neg Sign          :  -1.101 (baseline) [          |>         ]  -0.940 (finalize) (+0.161)
Kill (-5, 0) Subset    :  -1.222 (finalize) [         <|          ]  -1.101 (baseline) (-0.121)
Kill Pos Sign          :   1.083 (finalize) [         <|          ]   1.103 (baseline) (-0.020)
Kill (0, 5) Subset     :   1.100 (finalize) [         <|          ]   1.103 (baseline) (-0.003)
Kill Pos Sign          :   2.398 (finalize) [       <██|          ]   2.807 (baseline) (-0.410)
Kill (0, 5) Subset     :   2.612 (finalize) [         <|          ]   2.807 (baseline) (-0.196)
Kill Pos Sign          :   5.490 (finalize) [       <██|          ]   6.077 (baseline) (-0.587)
Kill (5, 10) Subset    :   5.477 (finalize) [      <███|          ]   6.077 (baseline) (-0.600)
Kill Pos Sign          :   7.357 (finalize) [      <███|          ]   8.097 (baseline) (-0.740)
Kill (5, 10) Subset    :   7.407 (finalize) [      <███|          ]   8.097 (baseline) (-0.690)
[Calibration] Parity steering scaled by 4.410 to match sign effect.
Actual Input: [0, 7, 10, 6, 0, 1, 2, 10, 9, 2], Expected Output: -10
(Negative, Subset 5-10)

=====================================================================================
 TARGET:    -10     | INPUT LOGIC: Negative, Subset 5-10
=====================================================================================
 Original Prediction :  -9.615  [          ●         |                   ]
-------------------------------------------------------------------------------------
 Flipped: POS + SML  : -20.838  [●                   |                   ] (Shift: -11.22 ←)
 Steer to Positive   :  -4.081  [               ●    |                   ] (Shift:  +5.53 →)
 Flipped: POS + LRG  :  -1.246  [                  ● |                   ] (Shift:  +8.37 →)
 Steer to Subset 5-10:  -5.608  [              ●     |                   ] (Shift:  +4.01 →)
 Flipped: NEG + LRG  : -10.213  [         ●          |                   ] (Shift:  -0.60 ←)
 Steer to Negative   : -14.673  [     ●              |                   ] (Shift:  -5.06 ←)
 Flipped: NEG + SML  : -49.421  [●                   |                   ] (Shift: -39.81 ←)
 Steer to Subset 0-5 : -36.550  [●                   |                   ] (Shift: -26.93 ←)
-------------------------------------------------------------------------------------
Actual Input: [1, 7, 9, 10, 3, 1, 10, 5, 0, 3], Expected Output: 10
(Positive, Subset 5-10)

=====================================================================================
 TARGET:     10     | INPUT LOGIC: Positive, Subset 5-10
=====================================================================================
 Original Prediction :   9.723  [                    |        ●          ]
-------------------------------------------------------------------------------------
 Flipped: POS + SML  :  -0.265  [                   ●|                   ] (Shift:  -9.99 ←)
 Steer to Positive   :  13.446  [                    |            ●      ] (Shift:  +3.72 →)
 Flipped: POS + LRG  :   7.801  [                    |      ●            ] (Shift:  -1.92 ←)
 Steer to Subset 5-10:   5.435  [                    |    ●              ] (Shift:  -4.29 ←)
 Flipped: NEG + LRG  :   3.330  [                    |  ●                ] (Shift:  -6.39 ←)
 Steer to Negative   :   5.403  [                    |    ●              ] (Shift:  -4.32 ←)
 Flipped: NEG + SML  : -25.978  [●                   |                   ] (Shift: -35.70 ←)
 Steer to Subset 0-5 : -13.366  [      ●             |                   ] (Shift: -23.09 ←)
-------------------------------------------------------------------------------------
Actual Input: [9, 10, 8, 1, 3, 10, 1, 0, 9, 3], Expected Output: -8
(Negative, Subset 5-10)

=====================================================================================
 TARGET:     -8     | INPUT LOGIC: Negative, Subset 5-10
=====================================================================================
 Original Prediction :  -7.726  [            ●       |                   ]
-------------------------------------------------------------------------------------
 Flipped: POS + SML  : -24.966  [●                   |                   ] (Shift: -17.24 ←)
 Steer to Positive   :  -3.954  [                ●   |                   ] (Shift:  +3.77 →)
 Flipped: POS + LRG  :  -0.332  [                   ●|                   ] (Shift:  +7.39 →)
 Steer to Subset 5-10:  -1.809  [                  ● |                   ] (Shift:  +5.92 →)
 Flipped: NEG + LRG  :  -3.641  [                ●   |                   ] (Shift:  +4.08 →)
 Steer to Negative   : -11.010  [        ●           |                   ] (Shift:  -3.28 ←)
 Flipped: NEG + SML  : -48.971  [●                   |                   ] (Shift: -41.25 ←)
 Steer to Subset 0-5 : -39.453  [●                   |                   ] (Shift: -31.73 ←)
-------------------------------------------------------------------------------------
Actual Input: [9, 0, 1, 8, 2, 3, 9, 7, 5, 2], Expected Output: -6
(Negative, Subset 5-10)

=====================================================================================
 TARGET:     -6     | INPUT LOGIC: Negative, Subset 5-10
=====================================================================================
 Original Prediction :  -6.373  [             ●      |                   ]
-------------------------------------------------------------------------------------
 Flipped: POS + SML  : -13.059  [      ●             |                   ] (Shift:  -6.69 ←)
 Steer to Positive   :   3.524  [                    |  ●                ] (Shift:  +9.90 →)
 Flipped: POS + LRG  :  -2.556  [                 ●  |                   ] (Shift:  +3.82 →)
 Steer to Subset 5-10:  -9.697  [          ●         |                   ] (Shift:  -3.32 ←)
 Flipped: NEG + LRG  : -16.715  [   ●                |                   ] (Shift: -10.34 ←)
 Steer to Negative   : -13.580  [      ●             |                   ] (Shift:  -7.21 ←)
 Flipped: NEG + SML  : -52.104  [●                   |                   ] (Shift: -45.73 ←)
 Steer to Subset 0-5 : -31.685  [●                   |                   ] (Shift: -25.31 ←)
-------------------------------------------------------------------------------------
Actual Input: [7, 3, 6, 5, 3, 3, 2, 8, 8, 2], Expected Output: -3
(Negative, Subset 0-5)

=====================================================================================
 TARGET:     -3     | INPUT LOGIC: Negative, Subset 0-5
=====================================================================================
 Original Prediction :  -3.099  [                ●   |                   ]
-------------------------------------------------------------------------------------
 Flipped: POS + SML  : -13.492  [      ●             |                   ] (Shift: -10.39 ←)
 Steer to Positive   :   4.000  [                    |  ●                ] (Shift:  +7.10 →)
 Flipped: POS + LRG  :   1.665  [                    |●                  ] (Shift:  +4.76 →)
 Steer to Subset 5-10:  -1.433  [                  ● |                   ] (Shift:  +1.67 →)
 Flipped: NEG + LRG  :  -6.706  [             ●      |                   ] (Shift:  -3.61 ←)
 Steer to Negative   :  -8.179  [           ●        |                   ] (Shift:  -5.08 ←)
 Flipped: NEG + SML  : -46.427  [●                   |                   ] (Shift: -43.33 ←)
 Steer to Subset 0-5 : -30.543  [●                   |                   ] (Shift: -27.44 ←)
-------------------------------------------------------------------------------------
Actual Input: [1, 6, 4, 6, 1, 3, 9, 3, 7, 3], Expected Output: -1
(Negative, Subset 0-5)

=====================================================================================
 TARGET:     -1     | INPUT LOGIC: Negative, Subset 0-5
=====================================================================================
 Original Prediction :  -1.165  [                  ● |                   ]
-------------------------------------------------------------------------------------
 Flipped: POS + SML  : -20.764  [●                   |                   ] (Shift: -19.60 ←)
 Steer to Positive   :   6.102  [                    |     ●             ] (Shift:  +7.27 →)
 Flipped: POS + LRG  :   2.626  [                    | ●                 ] (Shift:  +3.79 →)
 Steer to Subset 5-10:  -3.995  [                ●   |                   ] (Shift:  -2.83 ←)
 Flipped: NEG + LRG  :  -8.524  [           ●        |                   ] (Shift:  -7.36 ←)
 Steer to Negative   :  -8.559  [           ●        |                   ] (Shift:  -7.39 ←)
 Flipped: NEG + SML  : -46.975  [●                   |                   ] (Shift: -45.81 ←)
 Steer to Subset 0-5 : -34.962  [●                   |                   ] (Shift: -33.80 ←)
-------------------------------------------------------------------------------------
Actual Input: [5, 1, 4, 4, 3, 5, 9, 3, 3, 2], Expected Output: 1
(Positive, Subset 0-5)

=====================================================================================
 TARGET:     1      | INPUT LOGIC: Positive, Subset 0-5
=====================================================================================
 Original Prediction :   1.109  [                    |●                  ]
-------------------------------------------------------------------------------------
 Flipped: POS + SML  : -14.740  [     ●              |                   ] (Shift: -15.85 ←)
 Steer to Positive   :   6.959  [                    |     ●             ] (Shift:  +5.85 →)
 Flipped: POS + LRG  :   3.684  [                    |  ●                ] (Shift:  +2.57 →)
 Steer to Subset 5-10:   1.731  [                    |●                  ] (Shift:  +0.62 →)
 Flipped: NEG + LRG  :  -5.188  [              ●     |                   ] (Shift:  -6.30 ←)
 Steer to Negative   :  -6.136  [             ●      |                   ] (Shift:  -7.25 ←)
 Flipped: NEG + SML  : -46.271  [●                   |                   ] (Shift: -47.38 ←)
 Steer to Subset 0-5 : -30.277  [●                   |                   ] (Shift: -31.39 ←)
-------------------------------------------------------------------------------------
Actual Input: [1, 6, 10, 5, 2, 5, 5, 3, 7, 3], Expected Output: 3
(Positive, Subset 0-5)

=====================================================================================
 TARGET:     3      | INPUT LOGIC: Positive, Subset 0-5
=====================================================================================
 Original Prediction :   2.756  [                    | ●                 ]
-------------------------------------------------------------------------------------
 Flipped: POS + SML  :  -8.356  [           ●        |                   ] (Shift: -11.11 ←)
 Steer to Positive   :  10.068  [                    |         ●         ] (Shift:  +7.31 →)
 Flipped: POS + LRG  :   4.021  [                    |   ●               ] (Shift:  +1.26 →)
 Steer to Subset 5-10:  -2.099  [                 ●  |                   ] (Shift:  -4.85 ←)
 Flipped: NEG + LRG  :  -6.577  [             ●      |                   ] (Shift:  -9.33 ←)
 Steer to Negative   :  -4.085  [               ●    |                   ] (Shift:  -6.84 ←)
 Flipped: NEG + SML  : -36.397  [●                   |                   ] (Shift: -39.15 ←)
 Steer to Subset 0-5 : -23.625  [●                   |                   ] (Shift: -26.38 ←)
-------------------------------------------------------------------------------------
Actual Input: [5, 4, 8, 8, 2, 5, 3, 1, 2, 3], Expected Output: 6
(Positive, Subset 5-10)

=====================================================================================
 TARGET:     6      | INPUT LOGIC: Positive, Subset 5-10
=====================================================================================
 Original Prediction :   6.100  [                    |     ●             ]
-------------------------------------------------------------------------------------
 Flipped: POS + SML  :  -3.090  [                ●   |                   ] (Shift:  -9.19 ←)
 Steer to Positive   :  12.458  [                    |           ●       ] (Shift:  +6.36 →)
 Flipped: POS + LRG  :   6.308  [                    |     ●             ] (Shift:  +0.21 →)
 Steer to Subset 5-10:   0.394  [                    ●                   ] (Shift:  -5.71 ←)
 Flipped: NEG + LRG  :  -6.126  [             ●      |                   ] (Shift: -12.23 ←)
 Steer to Negative   :  -2.599  [                 ●  |                   ] (Shift:  -8.70 ←)
 Flipped: NEG + SML  : -34.628  [●                   |                   ] (Shift: -40.73 ←)
 Steer to Subset 0-5 : -19.128  [●                   |                   ] (Shift: -25.23 ←)
-------------------------------------------------------------------------------------
Actual Input: [10, 9, 7, 7, 1, 6, 7, 10, 1, 3], Expected Output: 8
(Positive, Subset 5-10)

=====================================================================================
 TARGET:     8      | INPUT LOGIC: Positive, Subset 5-10
=====================================================================================
 Original Prediction :   8.089  [                    |       ●           ]
-------------------------------------------------------------------------------------
 Flipped: POS + SML  :  -5.653  [              ●     |                   ] (Shift: -13.74 ←)
 Steer to Positive   :  14.062  [                    |             ●     ] (Shift:  +5.97 →)
 Flipped: POS + LRG  :   9.271  [                    |        ●          ] (Shift:  +1.18 →)
 Steer to Subset 5-10:   2.847  [                    | ●                 ] (Shift:  -5.24 ←)
 Flipped: NEG + LRG  :  -4.075  [               ●    |                   ] (Shift: -12.16 ←)
 Steer to Negative   :  -0.099  [                   ●|                   ] (Shift:  -8.19 ←)
 Flipped: NEG + SML  : -36.465  [●                   |                   ] (Shift: -44.55 ←)
 Steer to Subset 0-5 : -20.353  [●                   |                   ] (Shift: -28.44 ←)
-------------------------------------------------------------------------------------
[OK] Feature analysis complete

[7/8] > Running Benchmark against OOD Datasets ...

======================================================================
 STEERING VALIDATION & COMPLIANCE TESTING
======================================================================

  -> Calibrating feature scales using dataset/interp_test.xlsx...
  [OK] Calibration: Sign_std=324.3365, Subset_std=136.1027
  [OK] Subset steering scaled by 0.997 to match sign effect.

  1. Testing Interpolation (In-Distribution)...
  → Validating 1000 samples from interp_test...

======================================================================
  STEERING SUCCESS RATES (Alpha = 2.00)
======================================================================
  [OK] Sign Flip Success   :  25.00%
  [OK] Subset Flip Success :  52.20%
  [OK] Full Quadrant Flip  :  10.70%
======================================================================

  2. Testing Extrapolation (Out-of-Distribution)...
  → Validating 1000 samples from extrap_test...

======================================================================
  STEERING SUCCESS RATES (Alpha = 2.00)
======================================================================
  [OK] Sign Flip Success   :  30.50%
  [OK] Subset Flip Success :  96.60%
  [OK] Full Quadrant Flip  :  30.50%
======================================================================

  3. Testing Scaling (Magnitude Shift)...
  → Validating 1000 samples from scaling_test...

======================================================================
  STEERING SUCCESS RATES (Alpha = 2.00)
======================================================================
  [OK] Sign Flip Success   :  75.00%
  [OK] Subset Flip Success : 100.00%
  [OK] Full Quadrant Flip  :  75.00%
======================================================================

  4. Testing Precision (Float Values)...
  → Validating 1000 samples from precision_test...

======================================================================
  STEERING SUCCESS RATES (Alpha = 2.00)
======================================================================
  [OK] Sign Flip Success   :  25.30%
  [OK] Subset Flip Success :  48.50%
  [OK] Full Quadrant Flip  :  11.60%
======================================================================


======================================================================
  ALPHA SWEEP: TESTING STEERING INTENSITY ACROSS DATASETS
======================================================================

  Testing Alpha: 0.0...
  Testing Alpha: 0.5...
  Testing Alpha: 1.0...
  Testing Alpha: 2.0...
  Testing Alpha: 4.0...
  Testing Alpha: 8.0...
  Testing Alpha: 16.0...
  Testing Alpha: 20.0...
  Testing Alpha: 32.0...
  Testing Alpha: 64.0...
  Testing Alpha: 100.0...
  Testing Alpha: 128.0...
  Testing Alpha: 256.0...
  Testing Alpha: 512.0...
  Testing Alpha: 1024.0...
sign_acc
| dataset       |   0.0 |   0.5 |   1.0 |   2.0 |   4.0 |   8.0 |   16.0 |   20.0 |   32.0 |   64.0 |   100.0 |   128.0 |   256.0 |   512.0 |   1024.0 |
|:--------------|------:|------:|------:|------:|------:|------:|-------:|-------:|-------:|-------:|--------:|--------:|--------:|--------:|---------:|
| Interpolation |  25   |  25   |  25   |  25   |  25   |  25.1 |   25.1 |   25.1 |   25.1 |   26.5 |    30.3 |    32.5 |    41.5 |    67.5 |     99.4 |
| Extrapolation |  30.4 |  30.4 |  30.4 |  30.5 |  30.6 |  30.8 |   31.1 |   31.5 |   32.2 |   34.1 |    35.9 |    37.4 |    45.7 |    61.6 |     88.9 |
| Scaling       |  75   |  75   |  75   |  75   |  75   |  75   |   75   |   75   |   75   |   75   |    75   |    75   |    75   |    75   |     75   |
| Precision     |  25   |  25   |  25   |  25.3 |  25.4 |  25.5 |   26.1 |   26.7 |   27.5 |   29.2 |    32.1 |    34.2 |    42.7 |    69.2 |     98.5 |
subset_acc
| dataset       |   0.0 |   0.5 |   1.0 |   2.0 |   4.0 |   8.0 |   16.0 |   20.0 |   32.0 |   64.0 |   100.0 |   128.0 |   256.0 |   512.0 |   1024.0 |
|:--------------|------:|------:|------:|------:|------:|------:|-------:|-------:|-------:|-------:|--------:|--------:|--------:|--------:|---------:|
| Interpolation |  52.3 |  52.3 |  52.3 |  52.2 |  52.2 |  52   |   51.8 |   51.8 |   51.6 |   50.8 |    50.6 |    50.4 |    49.3 |    43.5 |     31.7 |
| Extrapolation |  96.6 |  96.6 |  96.6 |  96.6 |  96.6 |  96.6 |   96.6 |   96.6 |   96.6 |   96.5 |    96.4 |    96.2 |    95.5 |    94.3 |     90.4 |
| Scaling       | 100   | 100   | 100   | 100   | 100   | 100   |  100   |  100   |  100   |  100   |   100   |   100   |   100   |   100   |    100   |
| Precision     |  48.5 |  48.5 |  48.5 |  48.5 |  48.5 |  48.4 |   48.2 |   48.2 |   47.9 |   47.3 |    46.7 |    46.4 |    44   |    40.9 |     35   |
total_acc
| dataset       |   0.0 |   0.5 |   1.0 |   2.0 |   4.0 |   8.0 |   16.0 |   20.0 |   32.0 |   64.0 |   100.0 |   128.0 |   256.0 |   512.0 |   1024.0 |
|:--------------|------:|------:|------:|------:|------:|------:|-------:|-------:|-------:|-------:|--------:|--------:|--------:|--------:|---------:|
| Interpolation |  10.7 |  10.7 |  10.7 |  10.7 |  10.6 |  10.6 |   10.8 |   10.7 |   10.6 |   11.5 |    13.7 |      15 |    20.9 |    32.2 |     24.8 |
| Extrapolation |  30.4 |  30.4 |  30.4 |  30.5 |  30.6 |  30.7 |   31.1 |   31.5 |   31.8 |   34   |    35.8 |      37 |    44.4 |    54.9 |     59.7 |
| Scaling       |  75   |  75   |  75   |  75   |  75   |  75   |   75   |   75   |   75   |   75   |    75   |      75 |    75   |    75   |     75   |
| Precision     |  11.6 |  11.6 |  11.6 |  11.6 |  11.8 |  11.9 |   12   |   12.2 |   12.5 |   13.7 |    15.4 |      16 |    21.2 |    33.3 |     24.5 |

======================================================================
  ✓ Heatmap report generated: temp/alpha_sweep_results.xlsx
======================================================================


======================================================================
  ✓  COMPLETE - ALL VALIDATIONS PASSED
======================================================================

[OK] Steering validation complete

[8/8] > Generating Feature Reports...

======================================================================
 GENERATING VISUALIZATION SUITE
======================================================================

  -> Generating Steering Basis Compass...
     Successfully generated concept compass with zoomed-in & zoomed out views.
  -> Generating Performance Heatmaps & Pareto Frontier...
     Successfully generated unified heatmap and Pareto frontier in /images.
  -> Generating Logit-Lens Visualizations...
     Success: Unified Logit-Lens generated for 144 features.

======================================================================
  [OK] VISUALIZATION SUITE COMPLETE
  All visualizations exported to images/ folder
======================================================================

[OK] Reports generated successfully

============================================================================
                   PIPELINE COMPLETED SUCCESSFULLY >
          Activation Steering in Latent Space - All Phases Done
============================================================================

------------------------------------------------------
Execution Summary:
Started:  08:23:27
Finished: 08:29:23
Duration: 5 m 56 s
------------------------------------------------------
Press any key to continue . . .

C:\Workspace\Git_Repos\Activation-Steering-et-Ablation>